app/build/outputs/mapping/debug/seeds.txt
com.umeng.soexample.App
com.umeng.soexample.App: App()
com.umeng.soexample.AuthActivity
com.umeng.soexample.AuthActivity: AuthActivity()
com.umeng.soexample.AuthActivity$2: void onCancel(com.umeng.socialize.bean.SHARE_MEDIA,int)
com.umeng.soexample.CheckActivity
com.umeng.soexample.CheckActivity: CheckActivity()
com.umeng.soexample.GetInfoActivity
com.umeng.soexample.GetInfoActivity: GetInfoActivity()
com.umeng.soexample.HomeActivity
com.umeng.soexample.HomeActivity: HomeActivity()
com.umeng.soexample.InfoDetailActivity
com.umeng.soexample.InfoDetailActivity: InfoDetailActivity()
com.umeng.soexample.InfoDetailActivity$5: void onCancel(com.umeng.socialize.bean.SHARE_MEDIA,int)
com.umeng.soexample.ShareActivity
com.umeng.soexample.ShareActivity: ShareActivity()
com.umeng.soexample.ShareDetailActivity
com.umeng.soexample.ShareDetailActivity: ShareDetailActivity()
com.umeng.soexample.ShareDetailActivity$3: void onCancel(com.umeng.socialize.bean.SHARE_MEDIA)
com.umeng.soexample.ShareMenuActivity
com.umeng.soexample.ShareMenuActivity: ShareMenuActivity()
com.umeng.soexample.ShareMenuActivity$CustomShareListener: void onCancel(com.umeng.socialize.bean.SHARE_MEDIA)
com.umeng.soexample.apshare.ShareEntryActivity
com.umeng.soexample.apshare.ShareEntryActivity: ShareEntryActivity()
com.umeng.soexample.ddshare.DDShareActivity
com.umeng.soexample.ddshare.DDShareActivity: DDShareActivity()
com.umeng.soexample.model.AuthAdapter$2: void onCancel(com.umeng.socialize.bean.SHARE_MEDIA,int)
com.umeng.soexample.wxapi.WXEntryActivity
com.umeng.soexample.wxapi.WXEntryActivity: WXEntryActivity()
com.umeng.soexample.yxapi.YXEntryActivity
com.umeng.soexample.yxapi.YXEntryActivity: YXEntryActivity()
...
com.tencent.open.a.d$c
com.tencent.open.a.d$c: java.io.File a
com.tencent.open.a.d$c: long b
com.tencent.open.a.d$c: long c
com.tencent.open.a.d$c: d$c()
com.tencent.open.a.d$c: java.io.File a()
com.tencent.open.a.d$c: void a(java.io.File)
com.tencent.open.a.d$c: long b()
com.tencent.open.a.d$c: void a(long)
com.tencent.open.a.d$c: long c()
com.tencent.open.a.d$c: void b(long)
com.tencent.open.a.d$c: com.tencent.open.a.d$c b(java.io.File)
com.tencent.open.a.d$c: java.lang.String toString()
com.tencent.open.a.d$d
com.tencent.open.a.d$d: java.text.SimpleDateFormat a(java.lang.String)
com.tencent.open.a.e
com.tencent.open.a.e: com.tencent.open.a.e a
com.tencent.open.a.e: e()
com.tencent.open.a.e: void a(int,java.lang.Thread,long,java.lang.String,java.lang.String,java.lang.Throwable)
com.tencent.open.a.e: void <clinit>()
com.tencent.open.a.f
com.tencent.open.a.f: com.tencent.open.a.f a
com.tencent.open.a.f: com.tencent.open.a.a b
com.tencent.open.a.f: com.tencent.open.a.b c
com.tencent.open.a.f: boolean d
com.tencent.open.a.f: com.tencent.open.a.f a()
com.tencent.open.a.f: f()
com.tencent.open.a.f: void a(int,java.lang.String,java.lang.String,java.lang.Throwable)
com.tencent.open.a.f: void a(java.lang.String,java.lang.String)
com.tencent.open.a.f: void b(java.lang.String,java.lang.String)
com.tencent.open.a.f: void a(java.lang.String,java.lang.String,java.lang.Throwable)
com.tencent.open.a.f: void c(java.lang.String,java.lang.String)
com.tencent.open.a.f: void d(java.lang.String,java.lang.String)
com.tencent.open.a.f: void e(java.lang.String,java.lang.String)
com.tencent.open.a.f: void b(java.lang.String,java.lang.String,java.lang.Throwable)
com.tencent.open.a.f: void b()
com.tencent.open.a.f: java.io.File c()
com.tencent.open.a.f: void d()
com.tencent.open.a.f: void <clinit>()
com.tencent.open.a.g
com.tencent.open.a.g: java.util.concurrent.ConcurrentLinkedQueue a
com.tencent.open.a.g: java.util.concurrent.atomic.AtomicInteger b
com.tencent.open.a.g: g()
com.tencent.open.a.g: int a(java.lang.String)
com.tencent.open.a.g: void a(java.io.Writer,char[])
com.tencent.open.a.g: int a()
com.tencent.open.a.g: void b()
com.tencent.open.a.g: java.util.Iterator iterator()
com.tencent.open.a.h
com.tencent.open.a.h: com.tencent.open.a.h a
com.tencent.open.a.h: h()
com.tencent.open.a.h: java.lang.String a(int)
com.tencent.open.a.h: java.lang.String a(int,java.lang.Thread,long,java.lang.String,java.lang.String,java.lang.Throwable)
com.tencent.open.a.h: void <clinit>()
com.tencent.open.a.i
com.tencent.open.a.i: int a
com.tencent.open.a.i: boolean b
com.tencent.open.a.i: com.tencent.open.a.h c
com.tencent.open.a.i: i()
com.tencent.open.a.i: i(int,boolean,com.tencent.open.a.h)
com.tencent.open.a.i: void b(int,java.lang.Thread,long,java.lang.String,java.lang.String,java.lang.Throwable)
com.tencent.open.a.i: void a(int,java.lang.Thread,long,java.lang.String,java.lang.String,java.lang.Throwable)
com.tencent.open.a.i: void a(int)
com.tencent.open.a.i: boolean d()
com.tencent.open.a.i: void a(boolean)
com.tencent.open.a.i: com.tencent.open.a.h e()
com.tencent.open.a.i: void a(com.tencent.open.a.h)
com.tencent.open.b
com.tencent.open.b: com.tencent.open.a a
com.tencent.open.b: android.webkit.WebChromeClient b
com.tencent.open.b: b(android.content.Context,int)
com.tencent.open.b: void onCreate(android.os.Bundle)
com.tencent.open.b: void a(java.lang.String)
com.tencent.open.b$1
com.tencent.open.b$1: com.tencent.open.b a
com.tencent.open.b$1: b$1(com.tencent.open.b)
com.tencent.open.b$1: boolean onConsoleMessage(android.webkit.ConsoleMessage)
com.tencent.open.b$1: void onConsoleMessage(java.lang.String,int,java.lang.String)