app/build/outputs/mapping/debug/mapping.txt
com.umeng.soexample.App -> com.umeng.soexample.App:
    16:46:void <init>() -> <init>
    21:28:void onCreate() -> onCreate
com.umeng.soexample.AuthActivity -> com.umeng.soexample.AuthActivity:
    android.widget.ListView listView -> b
    com.umeng.soexample.model.AuthAdapter shareAdapter -> c
    java.util.ArrayList platforms -> a
    com.umeng.socialize.bean.SHARE_MEDIA[] list -> d
    android.app.ProgressDialog dialog -> e
    32:36:void <init>() -> <init>
    43:93:void onCreate(android.os.Bundle) -> onCreate
    96:102:void initPlatforms() -> a
    106:108:void onActivityResult(int,int,android.content.Intent) -> onActivityResult
    112:114:void onDestroy() -> onDestroy
    118:120:void onSaveInstanceState(android.os.Bundle) -> onSaveInstanceState
    32:32:android.app.ProgressDialog access$000(com.umeng.soexample.AuthActivity) -> a
    32:32:com.umeng.soexample.model.AuthAdapter access$100(com.umeng.soexample.AuthActivity) -> b
com.umeng.soexample.AuthActivity$1 -> com.umeng.soexample.a:
    com.umeng.soexample.AuthActivity this$0 -> a
    59:59:void <init>(com.umeng.soexample.AuthActivity) -> <init>
    62:63:void onClick(android.view.View) -> onClick
com.umeng.soexample.AuthActivity$2 -> com.umeng.soexample.b:
    com.umeng.soexample.AuthActivity this$0 -> a
    66:66:void <init>(com.umeng.soexample.AuthActivity) -> <init>
    69:70:void onStart(com.umeng.socialize.bean.SHARE_MEDIA) -> onStart
    74:77:void onComplete(com.umeng.socialize.bean.SHARE_MEDIA,int,java.util.Map) -> onComplete
    81:84:void onError(com.umeng.socialize.bean.SHARE_MEDIA,int,java.lang.Throwable) -> onError
    88:91:void onCancel(com.umeng.socialize.bean.SHARE_MEDIA,int) -> onCancel
com.umeng.soexample.BuildConfig -> com.umeng.soexample.c:
    boolean DEBUG -> a
    java.lang.String APPLICATION_ID -> b
    java.lang.String BUILD_TYPE -> c
    java.lang.String FLAVOR -> d
    int VERSION_CODE -> e
    java.lang.String VERSION_NAME -> f
    6:6:void <init>() -> <init>
    7:7:void <clinit>() -> <clinit>
com.umeng.soexample.CheckActivity -> com.umeng.soexample.CheckActivity:
    android.widget.LinearLayout list -> a
    int checkstyle -> b
    android.widget.EditText ed -> c
    18:20:void <init>() -> <init>
    25:130:void onCreate(android.os.Bundle) -> onCreate
    18:18:android.widget.LinearLayout access$000(com.umeng.soexample.CheckActivity) -> a
    18:18:int access$100(com.umeng.soexample.CheckActivity) -> b
    18:18:int access$102(com.umeng.soexample.CheckActivity,int) -> a
    18:18:android.widget.EditText access$200(com.umeng.soexample.CheckActivity) -> c
com.umeng.soexample.CheckActivity$1 -> com.umeng.soexample.d:
    com.umeng.soexample.CheckActivity this$0 -> a
    36:36:void <init>(com.umeng.soexample.CheckActivity) -> <init>
    39:40:void onClick(android.view.View) -> onClick
com.umeng.soexample.CheckActivity$10 -> com.umeng.soexample.e:
    com.umeng.soexample.CheckActivity this$0 -> a
    121:121:void <init>(com.umeng.soexample.CheckActivity) -> <init>
    124:127:void onClick(android.view.View) -> onClick
com.umeng.soexample.CheckActivity$2 -> com.umeng.soexample.f:
    com.umeng.soexample.CheckActivity this$0 -> a
    43:43:void <init>(com.umeng.soexample.CheckActivity) -> <init>
    46:51:void onClick(android.view.View) -> onClick
com.umeng.soexample.CheckActivity$3 -> com.umeng.soexample.g:
    com.umeng.soexample.CheckActivity this$0 -> a
    53:53:void <init>(com.umeng.soexample.CheckActivity) -> <init>
    56:71:void onClick(android.view.View) -> onClick
com.umeng.soexample.CheckActivity$4 -> com.umeng.soexample.h:
    com.umeng.soexample.CheckActivity this$0 -> a
    73:73:void <init>(com.umeng.soexample.CheckActivity) -> <init>
    76:79:void onClick(android.view.View) -> onClick
com.umeng.soexample.CheckActivity$5 -> com.umeng.soexample.i:
    com.umeng.soexample.CheckActivity this$0 -> a
    81:81:void <init>(com.umeng.soexample.CheckActivity) -> <init>
    84:87:void onClick(android.view.View) -> onClick
...
com.umeng.facebook.internal.ImageRequest$Callback -> com.umeng.facebook.b.aj$b:
    void onCompleted(com.umeng.facebook.internal.ImageResponse) -> a
com.umeng.facebook.internal.ImageResponse -> com.umeng.facebook.b.al:
    com.umeng.facebook.internal.ImageRequest request -> a
    java.lang.Exception error -> b
    boolean isCachedRedirect -> c
    android.graphics.Bitmap bitmap -> d
    37:42:void <init>(com.umeng.facebook.internal.ImageRequest,java.lang.Exception,boolean,android.graphics.Bitmap) -> <init>
    45:45:com.umeng.facebook.internal.ImageRequest getRequest() -> a
    49:49:java.lang.Exception getError() -> b
    53:53:android.graphics.Bitmap getBitmap() -> c
    57:57:boolean isCachedRedirect() -> d
com.umeng.facebook.internal.ImageResponseCache -> com.umeng.facebook.b.am:
    java.lang.String TAG -> a
    com.umeng.facebook.internal.FileLruCache imageCache -> b
    39:39:void <init>() -> <init>
    45:48:com.umeng.facebook.internal.FileLruCache getCache(android.content.Context) -> a
    54:66:java.io.InputStream getCachedImageStream(android.net.Uri,android.content.Context) -> a
    73:90:java.io.InputStream interceptAndCacheImageStream(android.content.Context,java.net.HttpURLConnection) -> a
    94:106:boolean isCDNURL(android.net.Uri) -> a
    111:115:void clearCache(android.content.Context) -> b
    40:40:void <clinit>() -> <clinit>
com.umeng.facebook.internal.ImageResponseCache$BufferedHttpInputStream -> com.umeng.facebook.b.am$a:
    java.net.HttpURLConnection connection -> a
    120:122:void <init>(java.io.InputStream,java.net.HttpURLConnection) -> <init>
    126:128:void close() -> close
com.umeng.facebook.internal.InternalSettings -> com.umeng.facebook.b.an:
    java.lang.String mCustomUserAgent -> a
    23:23:void <init>() -> <init>
    37:37:java.lang.String getCustomUserAgent() -> a
com.umeng.facebook.internal.LockOnGetVariable -> com.umeng.facebook.b.ao:
    java.lang.Object value -> a
    java.util.concurrent.CountDownLatch initLatch -> b
    37:51:void <init>(java.util.concurrent.Callable) -> <init>
    54:55:java.lang.Object getValue() -> a
    59:68:void waitOnInit() -> b
    29:29:java.lang.Object access$002(com.umeng.facebook.internal.LockOnGetVariable,java.lang.Object) -> a
    29:29:java.util.concurrent.CountDownLatch access$100(com.umeng.facebook.internal.LockOnGetVariable) -> a
com.umeng.facebook.internal.LockOnGetVariable$1 -> com.umeng.facebook.b.ap:
    java.util.concurrent.Callable val$callable -> a
    com.umeng.facebook.internal.LockOnGetVariable this$0 -> b
    40:40:void <init>(com.umeng.facebook.internal.LockOnGetVariable,java.util.concurrent.Callable) -> <init>
    44:48:java.lang.Void call() -> a
    40:40:java.lang.Object call() -> call
com.umeng.facebook.internal.LoginAuthorizationType -> com.umeng.facebook.b.aq:
    com.umeng.facebook.internal.LoginAuthorizationType READ -> a
    com.umeng.facebook.internal.LoginAuthorizationType PUBLISH -> b
    com.umeng.facebook.internal.LoginAuthorizationType[] $VALUES -> c
    28:28:com.umeng.facebook.internal.LoginAuthorizationType[] values() -> values
    28:28:com.umeng.facebook.internal.LoginAuthorizationType valueOf(java.lang.String) -> valueOf
    28:28:void <init>(java.lang.String,int) -> <init>
    28:30:void <clinit>() -> <clinit>